<?xml version="1.0" encoding="UTF-8"?>
<testng-results ignored="0" total="3" passed="3" failed="0" skipped="0">
  <reporter-output>
    <line>
      <![CDATA[openBrowser]]>
    </line>
    <line>
      <![CDATA[openBrowser]]>
    </line>
    <line>
      <![CDATA[login]]>
    </line>
    <line>
      <![CDATA[addAndDeleteUser has got passed]]>
    </line>
    <line>
      <![CDATA[logout]]>
    </line>
    <line>
      <![CDATA[login]]>
    </line>
    <line>
      <![CDATA[addAndDeleteUser has got passed]]>
    </line>
    <line>
      <![CDATA[logout]]>
    </line>
    <line>
      <![CDATA[closeBrowser]]>
    </line>
    <line>
      <![CDATA[closeBrowser]]>
    </line>
    <line>
      <![CDATA[openBrowser]]>
    </line>
    <line>
      <![CDATA[login]]>
    </line>
    <line>
      <![CDATA[addAndDeleteUser has got passed]]>
    </line>
    <line>
      <![CDATA[closeBrowser]]>
    </line>
  </reporter-output>
  <suite started-at="2024-03-31T11:44:52 IST" name="Suite" finished-at="2024-03-31T11:45:18 IST" duration-ms="26261">
    <groups>
    </groups>
    <test started-at="2024-03-31T11:44:52 IST" name="TestA" finished-at="2024-03-31T11:45:14 IST" duration-ms="21931">
      <class name="com.nihossoft.testscript.UserModule">
        <test-method is-config="true" signature="openBrowser(java.lang.String)[pri:0, instance:com.nihossoft.testscript.UserModule@cc43f62]" started-at="2024-03-31T11:44:52 IST" name="openBrowser" finished-at="2024-03-31T11:45:06 IST" duration-ms="13780" status="PASS">
          <params>
            <param index="0">
              <value>
                <![CDATA[chrome]]>
              </value>
            </param>
          </params>
          <reporter-output>
            <line>
              <![CDATA[openBrowser]]>
            </line>
          </reporter-output>
        </test-method> <!-- openBrowser -->
        <test-method is-config="true" signature="login()[pri:0, instance:com.nihossoft.testscript.UserModule@cc43f62]" started-at="2024-03-31T11:45:06 IST" name="login" finished-at="2024-03-31T11:45:13 IST" duration-ms="7075" status="PASS">
          <reporter-output>
            <line>
              <![CDATA[login]]>
            </line>
          </reporter-output>
        </test-method> <!-- login -->
        <test-method signature="addAndDeleteUser()[pri:0, instance:com.nihossoft.testscript.UserModule@cc43f62]" started-at="2024-03-31T11:45:13 IST" name="addAndDeleteUser" finished-at="2024-03-31T11:45:13 IST" duration-ms="4" status="PASS">
          <reporter-output>
            <line>
              <![CDATA[addAndDeleteUser has got passed]]>
            </line>
          </reporter-output>
        </test-method> <!-- addAndDeleteUser -->
        <test-method is-config="true" signature="logout()[pri:0, instance:com.nihossoft.testscript.UserModule@cc43f62]" started-at="2024-03-31T11:45:13 IST" name="logout" finished-at="2024-03-31T11:45:13 IST" duration-ms="566" status="PASS">
          <reporter-output>
            <line>
              <![CDATA[logout]]>
            </line>
          </reporter-output>
        </test-method> <!-- logout -->
        <test-method is-config="true" signature="closeBrowser()[pri:0, instance:com.nihossoft.testscript.UserModule@cc43f62]" started-at="2024-03-31T11:45:13 IST" name="closeBrowser" finished-at="2024-03-31T11:45:14 IST" duration-ms="482" status="PASS">
          <reporter-output>
            <line>
              <![CDATA[closeBrowser]]>
            </line>
          </reporter-output>
        </test-method> <!-- closeBrowser -->
      </class> <!-- com.nihossoft.testscript.UserModule -->
    </test> <!-- TestA -->
    <test started-at="2024-03-31T11:44:52 IST" name="TestB" finished-at="2024-03-31T11:45:15 IST" duration-ms="23022">
      <class name="com.nihossoft.testscript.UserModule">
        <test-method is-config="true" signature="openBrowser(java.lang.String)[pri:0, instance:com.nihossoft.testscript.UserModule@304bb45b]" started-at="2024-03-31T11:44:52 IST" name="openBrowser" finished-at="2024-03-31T11:45:05 IST" duration-ms="13015" status="PASS">
          <params>
            <param index="0">
              <value>
                <![CDATA[edge]]>
              </value>
            </param>
          </params>
          <reporter-output>
            <line>
              <![CDATA[openBrowser]]>
            </line>
          </reporter-output>
        </test-method> <!-- openBrowser -->
        <test-method is-config="true" signature="login()[pri:0, instance:com.nihossoft.testscript.UserModule@304bb45b]" started-at="2024-03-31T11:45:05 IST" name="login" finished-at="2024-03-31T11:45:09 IST" duration-ms="3611" status="PASS">
          <reporter-output>
            <line>
              <![CDATA[login]]>
            </line>
          </reporter-output>
        </test-method> <!-- login -->
        <test-method signature="addAndDeleteUser()[pri:0, instance:com.nihossoft.testscript.UserModule@304bb45b]" started-at="2024-03-31T11:45:09 IST" name="addAndDeleteUser" finished-at="2024-03-31T11:45:09 IST" duration-ms="15" status="PASS">
          <reporter-output>
            <line>
              <![CDATA[addAndDeleteUser has got passed]]>
            </line>
          </reporter-output>
        </test-method> <!-- addAndDeleteUser -->
        <test-method is-config="true" signature="logout()[pri:0, instance:com.nihossoft.testscript.UserModule@304bb45b]" started-at="2024-03-31T11:45:09 IST" name="logout" finished-at="2024-03-31T11:45:12 IST" duration-ms="3331" status="PASS">
          <reporter-output>
            <line>
              <![CDATA[logout]]>
            </line>
          </reporter-output>
        </test-method> <!-- logout -->
        <test-method is-config="true" signature="closeBrowser()[pri:0, instance:com.nihossoft.testscript.UserModule@304bb45b]" started-at="2024-03-31T11:45:12 IST" name="closeBrowser" finished-at="2024-03-31T11:45:15 IST" duration-ms="2958" status="PASS">
          <reporter-output>
            <line>
              <![CDATA[closeBrowser]]>
            </line>
          </reporter-output>
        </test-method> <!-- closeBrowser -->
      </class> <!-- com.nihossoft.testscript.UserModule -->
    </test> <!-- TestB -->
    <test started-at="2024-03-31T11:44:52 IST" name="TestC" finished-at="2024-03-31T11:45:18 IST" duration-ms="26260">
      <class name="com.nihossoft.testscript.UserModule">
        <test-method is-config="true" signature="openBrowser(java.lang.String)[pri:0, instance:com.nihossoft.testscript.UserModule@25be7b63]" started-at="2024-03-31T11:44:52 IST" name="openBrowser" finished-at="2024-03-31T11:45:15 IST" duration-ms="23302" status="PASS">
          <params>
            <param index="0">
              <value>
                <![CDATA[firefox]]>
              </value>
            </param>
          </params>
          <reporter-output>
            <line>
              <![CDATA[openBrowser]]>
            </line>
          </reporter-output>
        </test-method> <!-- openBrowser -->
        <test-method is-config="true" signature="login()[pri:0, instance:com.nihossoft.testscript.UserModule@25be7b63]" started-at="2024-03-31T11:45:15 IST" name="login" finished-at="2024-03-31T11:45:17 IST" duration-ms="1557" status="PASS">
          <reporter-output>
            <line>
              <![CDATA[login]]>
            </line>
          </reporter-output>
        </test-method> <!-- login -->
        <test-method signature="addAndDeleteUser()[pri:0, instance:com.nihossoft.testscript.UserModule@25be7b63]" started-at="2024-03-31T11:45:17 IST" name="addAndDeleteUser" finished-at="2024-03-31T11:45:17 IST" duration-ms="12" status="PASS">
          <reporter-output>
            <line>
              <![CDATA[addAndDeleteUser has got passed]]>
            </line>
          </reporter-output>
        </test-method> <!-- addAndDeleteUser -->
        <test-method is-config="true" signature="logout()[pri:0, instance:com.nihossoft.testscript.UserModule@25be7b63]" started-at="2024-03-31T11:45:17 IST" name="logout" finished-at="2024-03-31T11:45:17 IST" duration-ms="72" status="FAIL">
          <exception class="org.openqa.selenium.ElementClickInterceptedException">
            <message>
              <![CDATA[Element <a id="logoutLink" class="logout" href="/logout.do"> is not clickable at point (1222,17) because another element <div id="preInsertedTransformedMoireId" class="transformedMoireClass"> obscures it
Build info: version: '4.18.1', revision: 'b1d3319b48'
System info: os.name: 'Windows 10', os.arch: 'amd64', os.version: '10.0', java.version: '17.0.3'
Driver info: org.openqa.selenium.firefox.FirefoxDriver
Command: [a9543d4c-4481-40cf-a85b-a28cb5e0bb85, clickElement {id=4bb8450b-a4fc-45d5-80c4-36f441b38e85}]
Capabilities {acceptInsecureCerts: true, browserName: firefox, browserVersion: 124.0.1, moz:accessibilityChecks: false, moz:buildID: 20240321230221, moz:debuggerAddress: 127.0.0.1:25601, moz:geckodriverVersion: 0.34.0, moz:headless: false, moz:platformVersion: 10.0, moz:processID: 5288, moz:profile: C:\Users\QSP\AppData\Local\..., moz:shutdownTimeout: 60000, moz:webdriverClick: true, moz:windowless: false, pageLoadStrategy: normal, platformName: windows, proxy: Proxy(), se:cdp: ws://127.0.0.1:25601/devtoo..., se:cdpVersion: 85.0, setWindowRect: true, strictFileInteractability: false, timeouts: {implicit: 0, pageLoad: 300000, script: 30000}, unhandledPromptBehavior: dismiss and notify}
Element: [[FirefoxDriver: firefox on windows (a9543d4c-4481-40cf-a85b-a28cb5e0bb85)] -> id: logoutLink]
Session ID: a9543d4c-4481-40cf-a85b-a28cb5e0bb85]]>
            </message>
            <full-stacktrace>
              <![CDATA[org.openqa.selenium.ElementClickInterceptedException: Element <a id="logoutLink" class="logout" href="/logout.do"> is not clickable at point (1222,17) because another element <div id="preInsertedTransformedMoireId" class="transformedMoireClass"> obscures it
Build info: version: '4.18.1', revision: 'b1d3319b48'
System info: os.name: 'Windows 10', os.arch: 'amd64', os.version: '10.0', java.version: '17.0.3'
Driver info: org.openqa.selenium.firefox.FirefoxDriver
Command: [a9543d4c-4481-40cf-a85b-a28cb5e0bb85, clickElement {id=4bb8450b-a4fc-45d5-80c4-36f441b38e85}]
Capabilities {acceptInsecureCerts: true, browserName: firefox, browserVersion: 124.0.1, moz:accessibilityChecks: false, moz:buildID: 20240321230221, moz:debuggerAddress: 127.0.0.1:25601, moz:geckodriverVersion: 0.34.0, moz:headless: false, moz:platformVersion: 10.0, moz:processID: 5288, moz:profile: C:\Users\QSP\AppData\Local\..., moz:shutdownTimeout: 60000, moz:webdriverClick: true, moz:windowless: false, pageLoadStrategy: normal, platformName: windows, proxy: Proxy(), se:cdp: ws://127.0.0.1:25601/devtoo..., se:cdpVersion: 85.0, setWindowRect: true, strictFileInteractability: false, timeouts: {implicit: 0, pageLoad: 300000, script: 30000}, unhandledPromptBehavior: dismiss and notify}
Element: [[FirefoxDriver: firefox on windows (a9543d4c-4481-40cf-a85b-a28cb5e0bb85)] -> id: logoutLink]
Session ID: a9543d4c-4481-40cf-a85b-a28cb5e0bb85
at java.base/jdk.internal.reflect.NativeConstructorAccessorImpl.newInstance0(Native Method)
at java.base/jdk.internal.reflect.NativeConstructorAccessorImpl.newInstance(NativeConstructorAccessorImpl.java:77)
at java.base/jdk.internal.reflect.DelegatingConstructorAccessorImpl.newInstance(DelegatingConstructorAccessorImpl.java:45)
at java.base/java.lang.reflect.Constructor.newInstanceWithCaller(Constructor.java:499)
at java.base/java.lang.reflect.Constructor.newInstance(Constructor.java:480)
at org.openqa.selenium.remote.ErrorCodec.decode(ErrorCodec.java:167)
at org.openqa.selenium.remote.codec.w3c.W3CHttpResponseCodec.decode(W3CHttpResponseCodec.java:138)
at org.openqa.selenium.remote.codec.w3c.W3CHttpResponseCodec.decode(W3CHttpResponseCodec.java:50)
at org.openqa.selenium.remote.HttpCommandExecutor.execute(HttpCommandExecutor.java:190)
at org.openqa.selenium.remote.service.DriverCommandExecutor.invokeExecute(DriverCommandExecutor.java:216)
at org.openqa.selenium.remote.service.DriverCommandExecutor.execute(DriverCommandExecutor.java:174)
at org.openqa.selenium.remote.RemoteWebDriver.execute(RemoteWebDriver.java:519)
at org.openqa.selenium.remote.RemoteWebElement.execute(RemoteWebElement.java:223)
at org.openqa.selenium.remote.RemoteWebElement.click(RemoteWebElement.java:76)
at java.base/jdk.internal.reflect.NativeMethodAccessorImpl.invoke0(Native Method)
at java.base/jdk.internal.reflect.NativeMethodAccessorImpl.invoke(NativeMethodAccessorImpl.java:77)
at java.base/jdk.internal.reflect.DelegatingMethodAccessorImpl.invoke(DelegatingMethodAccessorImpl.java:43)
at java.base/java.lang.reflect.Method.invoke(Method.java:568)
at org.openqa.selenium.support.pagefactory.internal.LocatingElementHandler.invoke(LocatingElementHandler.java:51)
at jdk.proxy2/jdk.proxy2.$Proxy17.click(Unknown Source)
at com.nihossoft.pom.HomePage.logout(HomePage.java:19)
at com.nihossoft.generic.BaseClass.logout(BaseClass.java:52)
at java.base/jdk.internal.reflect.NativeMethodAccessorImpl.invoke0(Native Method)
at java.base/jdk.internal.reflect.NativeMethodAccessorImpl.invoke(NativeMethodAccessorImpl.java:77)
at java.base/jdk.internal.reflect.DelegatingMethodAccessorImpl.invoke(DelegatingMethodAccessorImpl.java:43)
at java.base/java.lang.reflect.Method.invoke(Method.java:568)
at org.testng.internal.invokers.MethodInvocationHelper.invokeMethod(MethodInvocationHelper.java:139)
at org.testng.internal.invokers.MethodInvocationHelper.invokeMethodConsideringTimeout(MethodInvocationHelper.java:69)
at org.testng.internal.invokers.ConfigInvoker.invokeConfigurationMethod(ConfigInvoker.java:393)
at org.testng.internal.invokers.ConfigInvoker.invokeConfigurations(ConfigInvoker.java:326)
at org.testng.internal.invokers.TestInvoker.runConfigMethods(TestInvoker.java:810)
at org.testng.internal.invokers.TestInvoker.runAfterConfigurations(TestInvoker.java:779)
at org.testng.internal.invokers.TestInvoker.invokeMethod(TestInvoker.java:755)
at org.testng.internal.invokers.TestInvoker.invokeTestMethod(TestInvoker.java:228)
at org.testng.internal.invokers.MethodRunner.runInSequence(MethodRunner.java:63)
at org.testng.internal.invokers.TestInvoker$MethodInvocationAgent.invoke(TestInvoker.java:961)
at org.testng.internal.invokers.TestInvoker.invokeTestMethods(TestInvoker.java:201)
at org.testng.internal.invokers.TestMethodWorker.invokeTestMethods(TestMethodWorker.java:148)
at org.testng.internal.invokers.TestMethodWorker.run(TestMethodWorker.java:128)
at java.base/java.util.ArrayList.forEach(ArrayList.java:1511)
at org.testng.TestRunner.privateRun(TestRunner.java:819)
at org.testng.TestRunner.run(TestRunner.java:619)
at org.testng.SuiteRunner.runTest(SuiteRunner.java:443)
at org.testng.SuiteRunner$SuiteWorker.run(SuiteRunner.java:481)
at org.testng.internal.thread.ThreadUtil.lambda$execute$0(ThreadUtil.java:58)
at java.base/java.util.concurrent.FutureTask.run(FutureTask.java:264)
at java.base/java.util.concurrent.ThreadPoolExecutor.runWorker(ThreadPoolExecutor.java:1136)
at java.base/java.util.concurrent.ThreadPoolExecutor$Worker.run(ThreadPoolExecutor.java:635)
at java.base/java.lang.Thread.run(Thread.java:833)
]]>
            </full-stacktrace>
          </exception> <!-- org.openqa.selenium.ElementClickInterceptedException -->
          <reporter-output>
          </reporter-output>
        </test-method> <!-- logout -->
        <test-method is-config="true" signature="closeBrowser()[pri:0, instance:com.nihossoft.testscript.UserModule@25be7b63]" started-at="2024-03-31T11:45:17 IST" name="closeBrowser" finished-at="2024-03-31T11:45:18 IST" duration-ms="1275" status="PASS">
          <reporter-output>
            <line>
              <![CDATA[closeBrowser]]>
            </line>
          </reporter-output>
        </test-method> <!-- closeBrowser -->
      </class> <!-- com.nihossoft.testscript.UserModule -->
    </test> <!-- TestC -->
  </suite> <!-- Suite -->
</testng-results>
