<?xml version="1.0" encoding="UTF-8"?>
<!-- Generated by org.testng.reporters.JUnitXMLReporter -->
<testsuite ignored="2" hostname="Desktop-Monitor-2nd-Floor-Room3" failures="0" tests="2" name="Test" time="7.82" errors="0" timestamp="2024-03-31T10:13:49 IST">
  <testcase classname="com.nihossoft.testscript.UserModule" name="addAndDeleteUser" time="0.037"/>
  <testcase classname="com.nihossoft.testscript.CustomerModule" name="createCustomer" time="0.009"/>
  <testcase classname="com.nihossoft.generic.BaseClass" name="@AfterTest closeBrowser" time="0.0">
    <ignored/>
  </testcase> <!-- @AfterTest closeBrowser -->
  <testcase classname="com.nihossoft.generic.BaseClass" name="@BeforeTest openBrowser" time="0.0">
    <ignored/>
  </testcase> <!-- @BeforeTest openBrowser -->
</testsuite> <!-- Test -->
